<?xml version="1.0" encoding="UTF-8"?>
<!-- Generated by org.testng.reporters.JUnitXMLReporter -->
<testsuite hostname="Fahim-PC" ignored="0" name="test_coordinate" tests="1" failures="1" timestamp="2019-11-03T14:34:31 IST" time="44.969" errors="0">
  <testcase name="verify_searchIngooglemap" time="10.285" classname="com.exl.healthcare.TC004_verifycoordinates">
    <failure type="java.lang.AssertionError" message="did not expect to find [true] but found [false]">
      <![CDATA[java.lang.AssertionError: did not expect to find [true] but found [false]
at com.exl.healthcare.TC004_verifycoordinates.verify_searchIngooglemap(TC004_verifycoordinates.java:37)
at java.util.ArrayList.forEach(Unknown Source)
... Removed 31 stack frames]]>
    </failure>
  </testcase> <!-- verify_searchIngooglemap -->
</testsuite> <!-- test_coordinate -->
