<?xml version="1.0" encoding="UTF-8"?>
<testng-results skipped="0" failed="0" ignored="0" total="1" passed="1">
  <reporter-output>
    <line>
      <![CDATA[<a href='D:\WorkSpace-2019\healthcare\failure_screenshot\_04_11_2019_12_02_51.png'> <img src='D:\WorkSpace-2019\healthcare\failure_screenshot\_04_11_2019_12_02_51.png' height='100' width='100'> </a>]]>
    </line>
  </reporter-output>
  <suite name="Default suite" duration-ms="106022" started-at="2019-11-04T00:01:11 IST" finished-at="2019-11-04T00:02:57 IST">
    <groups>
    </groups>
    <test name="Default test" duration-ms="106022" started-at="2019-11-04T00:01:11 IST" finished-at="2019-11-04T00:02:57 IST">
      <class name="com.exl.healthcare.TC003_verify_serachdirectionbycar">
        <test-method status="PASS" signature="setUp()[pri:0, instance:com.exl.healthcare.TC003_verify_serachdirectionbycar@4b1c1ea0]" name="setUp" is-config="true" duration-ms="56606" started-at="2019-11-04T00:01:11 IST" finished-at="2019-11-04T00:02:07 IST">
          <reporter-output>
          </reporter-output>
        </test-method> <!-- setUp -->
        <test-method status="PASS" signature="verify_serachdirectionbycar()[pri:0, instance:com.exl.healthcare.TC003_verify_serachdirectionbycar@4b1c1ea0]" name="verify_serachdirectionbycar" duration-ms="48716" started-at="2019-11-04T00:02:08 IST" finished-at="2019-11-04T00:02:57 IST">
          <reporter-output>
            <line>
              <![CDATA[<a href='D:\WorkSpace-2019\healthcare\failure_screenshot\_04_11_2019_12_02_51.png'> <img src='D:\WorkSpace-2019\healthcare\failure_screenshot\_04_11_2019_12_02_51.png' height='100' width='100'> </a>]]>
            </line>
          </reporter-output>
        </test-method> <!-- verify_serachdirectionbycar -->
        <test-method status="PASS" signature="closeBrowser()[pri:0, instance:com.exl.healthcare.TC003_verify_serachdirectionbycar@4b1c1ea0]" name="closeBrowser" is-config="true" duration-ms="1" started-at="2019-11-04T00:02:57 IST" finished-at="2019-11-04T00:02:57 IST">
          <reporter-output>
          </reporter-output>
        </test-method> <!-- closeBrowser -->
      </class> <!-- com.exl.healthcare.TC003_verify_serachdirectionbycar -->
    </test> <!-- Default test -->
  </suite> <!-- Default suite -->
</testng-results>
